1654117416294	geckodriver	INFO	Listening on 127.0.0.1:39216
console.warn: SearchSettings: "get: No settings file exists, new profile?" (new NotFoundError("Could not open the file at C:\\Users\\fvill\\AppData\\Local\\Temp\\rust_mozprofileSTgvyv\\search.json.mozlz4", (void 0)))
console.warn: LoginRecipes: "getRecipes: falling back to a synchronous message for:" "http://localhost:8081"
console.warn: LoginRecJavaScript erriorpes: :" resourcegetRecipes: fall:i/n/g back gto a synchrroe/mnodules/Loogius nManagerParent.jsm, line 136: TypeError: gRemessage for:" "http:/c/locailhost:8p0eMan81"
ager is null
console.warn: LoginRecipes: "getReJavacipSes: falling backcript error: re tsoo a synchurrce:/o/ngore/modules/LoginManagerParentus message for:" "http://localho.st:80j8sm, line 136: TypeError: gRecipeManage1"
r console.wairsn null
JavaScript error: resource://gre/modules/Lo:g inManagLoginRecipeesrParent.jsm, line 136: TypeError: gRecipeManager is:  "getRecinpesull
: falling back to a synchronous message for:" "http://localhost:8081"
console.warn: LoginRecipes: "getRecipes:J afvalling back taoS a scyrnichprto enroruosr : mreesssoaugrec ef:or:" "http://localho/s/tg:r8e0/8modu1l"e
s/LoginManagerParent.jsm, line 136: TypeError: gRecipeManager is null
console.warn: LoginRecipes: "getRecipes: falling back to a synchronous message for:" "http://localhost:8081"
JavaScript error: resource://gre/modules/LoginManagerParent.jsm, line 136: TypeError: gRecipeManager is null
console.warn: LoginRecipes: J"agveatSRcerciippte se:r rfor: resource://gre/modalling back to a synchronuoluess /mLeosgsaigen fMora:"n "ahttpg://localhost:8081"
erParent.jsm, line 136: TypeError: gconsole.wRarn: eLoginRecipecs:i peManager is null
"JagveatSRcriepcti peersr:o fallinr: rg back to a synchronoesource://greu/mso dumessage folre:" "hst/Ltp://localhost:8081"
oginManagerParent.jsm, line 136: TypeError: gRecipeManager is null
console.warn: LoginRecipes: "getRecipes: fallingJ back to a sayvaScript error: resource://grenchronous message for:" "ht/tmpo:d/u/lleosc/aLoginManaglehroPsatr:e8081"
nt.jsm, line 136: TypeError: gRecipeManager is null
console.warn: LoginRecipes: "getRecipes: falling back to a synchronouJs maessage vfaoSrc:r"ipt  error: "rhttp://localhost:8081"
esource://gre/modules/LoginManagerParent.jsm, line 136: TypeError: gRecipeManager is null
console.warn: LoginRecipesJ:a v"agSectrRiepcti pees: falling brarcokr :t or eas osuyrncceh:r/o/ngore/modules/LoginManagerParentu.jsm,s line 136: TypeError: gRecipeManager is nul message for:" "lhttp://local
host:8081"
coJavansole.warnS: LoginRecipes: "getRecipes: falling back ctroi pat  errors:y nrcheronouss omessage for:" "http://localhost:8081"
urce://gre/modules/LoginManagerParent.jsm, line 136: TypeError: gRecipeManager is null
console.warn: LoginRecipes: "getRJeacviapes: falling back to a synchronous message fScript error: resource://gre/modules/LoginManagerPoarr:e"n t"htt.p://localhost:8081"
jsm, line 136: TypeError: gRecipeManager is null
console.warn: LoginRecipes: "getRecipes: falling bJack atvaScript error: resource://gre/modules/oL oag isnyMnacnhargoenroPuarent.jsm, line 136: TypeErrsor: gRecipeManager is null
 message for:" "http://localhost:8081"
console.warn: LogiJavaScript error: resource://gre/modulesn/Recipes: "getRecipeLsoginManage:rP afalling bacrk to ea synnchronoust mes.sage for:" "http://ljoscalhost:8081"
m, line 136: TypeError: gRecipeManager is null
console.warn: LoginRecipes: "getRecipes: falling back to aJ avaScript error: sryensource://grechronous /mmessage for:" "http://localohdost:8081"
ules/LoginManagerParent.jsm, line 136: TypeError: gRecipeManager is null
console.warn: LogiJnaRecipes: "getRecipes: fvaalSlcirnigp tb ack etro a synchrroonous message for:" "http://localhost:8081"
r: resource://gre/modules/LoginManagerParent.jsm, line 136: TypeError: gRecipeManager is null
console.warn: LoginRecipes: "gJaevtRecipes: falling backa Stcor a ipt error: resousrycnechronous mes:sage/ for:" "http://localhost:8081"
/gre/modules/LoginManagerParent.jsm, line 136: TypeError: gRecipeManager is null
console.warn: LoginRecipes: "getRecipes: falling back to a syJnachronous mevssage faoScript error: resource://gre/rmodules/LoginM:a"n a"http://localhost:8081"
gerParent.jsm, line 136: TypeError: gRecipeManager is null
console.warn: LoginRecipes: "getRecipes: falling back to a JsayvaScript enchronous message for:r" "htror: resource://gre/modules/LotgpinManagerParen:t/./jsm, line 136local: TypeErrhosor: gRecipeManager is null
t:8081"
console.warn: LoginRecipes: "getRJecipeas: falling back to a synchronous message for:" "http://localhost:8081"
vaScript error: resource://gre/modules/LoginManagerParent.jsm, line 136: TypeError: gRecipeManager is null
console.warn: LoginRecipes: "getRecipes: falling back to a synchronous message for:" "http://localhost:8081"
JavaScript error: resource://gre/modules/LoginManagerParent.jsm, line 136: TypeError: gRecipeManager is null
console.warn: LoginRecipes: "gJavaScript erroert:R ercipes: falling back to a synchronous message for:" "http://elocsaolhoust:r8081"
ce://gre/modules/LoginManagerParent.jsm, line 136: TypeError: gRecipeManager is null
console.warn: LoginRecipes: "getRecipJavaScript error: reess: ofalling back to a synchronous message for:" "http://localhost:8081"
urce://gre/modules/LoginManagerParent.jsm, line 136: TypeError: gRecipeManager is null
console.warn: LoginRecipes: "getRecJavaScript error: resiource://gre/modules/LoginManagerParent.jsm, line 13p6: TypeError: gRecipeManager is null
es: falling back to a synchronous message for:" "http://localhost:8081"
console.warn: LoginRecipes: "getRecipes: falling back to a syncJhavaScrirpt error: ornous mesesage for:" "http://localhost:808s1"
ource://gre/modules/LoginManagerParent.jsm, line 136: TypeError: gRecipeManager is null
console.warn: LoginJavaScript error:R resource://gree/modulecsi/peLso:g i"ngMetaRecipes: falling back to a synchronous message for:" "http://localhost:8081"
nagerParent.jsm, line 136: TypeError: gRecipeManager is null
console.warn: LoginRecJaivpaScript ees: "getRecipes: rror: rfesaoulrling back to a synchronous message for:" "http://localhost:8081"
ce://gre/modules/LoginManagerParent.jsm, line 136: TypeError: gRecipeManager is null
console.warn: LoginRecipes: "getRecipes: falling back to a synchronous messagJavaScript error: resource://gre/modulese for:" "http://localhost:8081"
/LoginManagerParent.jsm, line 136: TypeError: gRecipeManager is null
console.warn: LoginRecipes: "getReciJavaScpries: pfalling back to a syntchronous message for:" "http://localhost: 8081"
error: resource://gre/modules/LoginManagerParent.jsm, line 136: TypeError: gRecipeManager is null
console.warn: LoginRecipes: "getReciJpeavaScript esr:r ofra:l resourlce://gre/modules/LoginMainagerParentng ba.ck to a synchronous message forj:s" "http:m//local,host:8081" 
line 136: TypeError: gRecipeManager is null
console.warn: LoginRecipes: "getRecipes: falling back to a synchronous messageJ for:" "http://laovacalhost:Sc8r0i8pt 1e"r
ror: resource://gre/modules/LoginManagerParent.jsm, line 136: TypeError: gRecipeManager is null
console.warJn: LoginReacvaiScrippt eerror: resource:s: "getRecipes: falling back to a synchronous message f/or:" "http://localhost:8081"
/gre/modules/LoginManagerParent.jsm, line 136: TypeErrocro:n sgoRecipeManager is null
lJeav.aScript error: resource://gre/modules/LoginManagerParenwta.rjsm, linen: 136: TypeError: gRe cLiopeMaginRecipes: "getRecipes: nfager is alling back to a synchnullr
onous message for:" "http://localhost:8081"
console.warn: LoginRecipes: "getRJecaipves: faaSlclriinpt error: resourcg back toe a synchronous :message for/:/"g r"eh/tmodules/LoginManagerParent.jsm, line 136tp://localhost:80:81 "T
ypeError: gRecipeManager is null
console.warn: LoginRecipes: "getRecipesJ: afvalling aback to a synchSronous message for:" "http://localhoscript et:8081"
rror: resource://gre/modules/LoginManagerParent.jsm, line 136: TypeError: gRecipeManager is null
console.warn: LJavaScript eorgrionrR:e criesource://gre/modules/LoginManagerParent.jsm, line 136: TypeErperso:r: gRecipeManager is null
 "getRecipes: falling back to a synchronous message for:" "http://localhost:8081"
console.warn: LoginRecipes: "geJtRecavaScript error: resoiupres: falcling back to a synchronous message foer:" "h:t/tp://localhos/gre/tm:o8d0u81"
les/LoginManagerParent.jsm, line 136: TypeError: gRecipeManager is null
console.warn: LoginRecipes: "getRecipes: falling back to a synchronJous messaavgea fSor:" "http://localhost:8081"
cript error: resource://gre/modules/LoginManagerParent.jsm, line 136: TypeError: gRecipeManager is null
console.warn: LoginRecipes: "getRecipes: falling baJavacSkcript  error: resource://gret/modules/LoginManagerParent.jsm,o  al isne 136: TypeError: gRecipeManager is null
ynchronous message for:" "http://localhost:8081"
console.warn: LoginRecipes: "getJRecipes: falling back to a synchronousa message for:" "http://localhost:8081"
vaScript error: resource://gre/modules/LoginManagerParent.jsm, line 136: TypeError: gRecipeManager is null
console.warn: LoginRecipes: "getRecipes: falling back to a synchronous message for:" "http://localhost:8081"
JavaScript error: resource://gre/modules/LoginManagerParent.jsm, line 136: TypeError: gRecipeManager is null
console.warn: LoJavaScript error: resource:g/i/ngRercipes: "getReecipes: falling back to/ a symnchronous message for:" "http://localhost:8081"
odules/LoginManagerParent.jsm, line 136: TypeError: gRecipeManager is null
console.warn: LoginRecipes: "getRecipes: Jfaalling bvaaScript error: resource://gre/mocdk to a synchronous message for:" "http:/u/localhles/LoginManagerPoarent.jsm, line 136: TypeError: gRecipeManager iss null
t:8081"
console.warn: LoginRecipes: "getRecipes: falling back to a synchronous message for:" "http://localhost:8081"
JavaScript error: resource://gre/modules/LoginManagerParent.jsm, line 136: TypeError: gRecipeManager is null
console.warn: LoginRecipes: "getRecipes: falling back to a synchronous message for:" "http://localhost:8081"
JavaScript error: resource://gre/modules/LoginManagerParent.jsm, line 136: TypeError: gRecipeManager is null
console.warn: LoginRecipes: "getRecipes: falling back to a synchronous message for:" "http://localhost:J80a8v1a"Script error: resource://gre/modules/Logi
nManagerParent.jsm, line 136: TypeError: gRecipeManager is null
console.warn: LoginRecipes: "getRecipes: falling back to a synchronous message for:" "http://localJavaScript error: rehsoosturce::8081"
//gre/modules/LoginManagerParent.jsm, line 136: TypeError: gRecipeManager is null
console.warn: LoginRecipes: "getRecipes: fallinJga vaScript error: resource://gre/modules/LoginManagerParent.jsm, line 136: TypeError: gRecipeManager isb anck to a synchronuoluls message for:" "http://l
ocalhost:8081"
console.warn: LoginRecipes: "getRecipes: falling back to a synchronousJavaScript error: re smessage for:" "http://locource://gre/modules/LoginManagerParent.jsm, line 136: TypeError: gRecipeMaalnhaogsetr: 8is null
081"
console.warn: LoginRecipes: "getRecipes: falling back to a synchronous message for:" "http://localhost:8081"
JavaScript error: resource://gre/modules/LoginManagerParent.jsm, line 136: TypeError: gRecipeManager is null
console.warn: LoginRecipes: "getRecipes: falling back to a synchronous message for:" "http://localhost:8081"
JavaScript error: resource://gre/modules/LoginManagerParent.jsm, line 136: TypeError: gRecipeManager is null
console.warn: LoginRecipes: "getRecipes: falling back to a synchroJavaScript error: resource://gre/modules/LoginManagerParent.jsm, line 136: TypeError: gRecipeManager is nnuous meslsage for:" "http://localhost:l8081"

console.warn: LoginRecipes: "getRecipes: falling back to a synJavaScript error: resource://gre/modules/LoginManagerParent.jsm, line 136: TypeError: gRecipeManager is null
chronous message for:" "http://localhost:8081"
console.warn: LoginRecipJeas: "getRecipes: falling back to a synchrovnous message for:" "http://localhost:8081"
aScript error: resource://gre/modules/LoginManagerParent.jsm, line 136: TypeError: gRecipeManager is null
console.warn: LoginRecipes: "getRecipes: falling back to a synchronous JmaevaScript error: resource://gre/modules/LoginManagerssage for:" "http://localhost:8081"
Parent.jsm, line 136: TypeError: gRecipeManager is null
console.warn: LoginRecipJeasv: "gaeStcRecipes: falling back to a synchronous message for:" "http://localhroispt error: restource://gre/modules/LoginManagerP:8081"
arent.jsm, line 136: TypeError: gRecipeManager is null
console.warn: LoginReJavaScript error: resource://gre/modules/LoginManagerParent.jsm, line 136: TypeError: gRcecipeManager is null
ipes: "getRecipes: falling back to a synchronous message for:" "http://localhost:8081"
console.warn: LoginRecipes: "getReJcavaScript error: resource://gre/modules/LoginiMpaensa:g efraPlarent.jsm, line 136: TypeError: gRleing back to a synchrocnious pmeeMsanager is null
sage for:" "http://localhost:8081"
console.warn: LoginRecipes:J "getRecipes: falling baavck to a synchronous message for:" "http://localhost:8081"
aScript error: resource://gre/modules/LoginManagerParent.jsm, line 136: TypeError: gRecipeManager is null
console.warn: LJavaScript error: resource://gre/modules/LoginManagerParent.jsm, line 136: TypeError: gRecipeManager is null
oginRecipes: "getRecipes: falling back to a synchronous message for:" "http://localhost:8081"
console.warn: LoginRecipesJ: "getReacipes: falling back vto aScript error: resource://gre/amodules/Lo ginManagerPsynchronous message for:" "http://localhost:8arent.jsm, line 1036: TypeError: gRecipeM8a1"
nager is null
console.warn: LoginRecipesJavaScript e: r"greotrR:e resource://gre/modules/LoginManagerParent.jsm, line 136: TypeError: gRecipecipes: falling back to a synchronous message for:" Manager is null
"http://localhost:8081"
console.warn: LoginRecipes: "getRecipes: fallinJavaScript error: resource://gre/modules/LoginManagerParent.jsm, line 136: gT back to a synchronous message for:" "http://localhost:8081"
ypeError: gRecipeManager is null
console.warn: LoginRecipes: "getRecipes: falling back toJavaScript error: r esource://gre/modules/LoginManagerParent.jsm, line 136:a T ypseEyrnchronous message for:" "http://localhost:8081"
ror: gRecipeManager is null
console.warn: LoginRecipes: "getRecipes: falling back to a syncJhavaScript error: resource://gre/modules/LoginManagerParent.jsm, line 136: TypeError: gRecipeManager is nurlonlous message for:" 
"http://localhost:8081"
console.warn: LoginRecipes: "getRecipesJ:a vfaaSlclript error: resource://gre/modules/LoginManagerParent.jsm, line 136i: TypeError: gRecipeManager is null
ng back to a synchronous message for:" "http://localhost:8081"
console.warn: LoginRecipJes: "gavaScript error: resourcee://gre/modules/LoginManagterParent.jsm, line 136: TypeError: gRecipeManager is null
Recipes: falling back to a synchronous message for:" "http://localhost:8081"
console.warn: LoginRecipes: "getRecipes: falling back to a synchronous message for:" "http:/J/laocvalahost:8081"S
cript error: resource://gre/modules/LoginManagerParent.jsm, line 136: TypeError: gRecipeManager is null
console.warn: LoginRecJavaScript error: resource://gre/modulesi/pLeoginManagerParent.jsm, line 136: TypeError: s: "getRecipes: falling back to a syngRecipeManager is null
chronous message for:" "http://localhost:8081"
console.warn: LoginRecipes: "getRecipes: falling back to a synchronouJavaScript error: resource://gre/modules/LoginManagerParent.jsm, line 136: TypeError: gRecipeManager is null
s message for:" "http://localhost:8081"
console.warn: LoginRecipes: "getRecipes: fallingJ backa to a synchronous mevssage foar:" S"http://localhost:8081"
cript error: resource://gre/modules/LoginManagerParent.jsm, line 136: TypeError: gRecipeManager is null
console.warn: LoginRecipes: "getJRecipes: falling back toa vaScript error: resource://gre/amodules/LoginManagerParent.jsm, line 136: TypeError: gRecipeManager is null
 synchronous message for:" "http://localhost:8081"
console.warn: LoginRecipes: "JavaScript errgetRecipes: falling bacokr: resource: to a syn/c/hgrre/omodules/LoginnManagerouParent.jsm, line 136: TypeErros messager:  gRefcoir:" "http://lpeManager is null
ocalhost:8081"
console.warn: LoginRecipes: "getRecipes: falling back to a synchronous message forJ:a"v a"Shttp://localhost:8081"
cript error: resource://gre/modules/LoginManagerParent.jsm, line 136: TypeError: gRecipeManager is null
console.warn: LoginRecipes: "getRecipes: falling bJack toa a synchronous message for:"vaScript error: resource://gre/modules/LoginManagerParent.jsm, line 136: TypeError: gRecipeMana "http://locaglhost:8081"
er is null
console.warnJa:v aLSocgrinRiecippes: "getRetci error: resource://gre/modules/LoginManagerParent.pjsm, line 136: TypeError: gRecipeManager is null
es: falling back to a synchronous message for:" "http://localhost:8081"
console.warn: LoJavaScript error: regsoiurce://grne/modules/LoginManagerParent.jsm, line 136: TypeError: gRecipeManager is null
Recipes: "getRecipes: falling back to a synchronous message for:" "http://localhost:8081"
console.warn: LoginRecipes: "getRecipes: falling back to a synchronous message for:" "http:/J/localhavaScript error: resource://gre/modules/LoginManagerParent.jsm,o line 136: TypseError: gRecipeManager is null
t:8081"
console.warn: LoginRecipes: "getRecipes: falling bacJk to a synchronous message for:" "http://locaavlahSocsrti:p8t0 8e1r"ro
r: resource://gre/modules/LoginManagerParent.jsm, line 136: TypeError: gRecipeManager is null
console.warn: LoginRecipes: "getRecipes: fallJaing bacvka Stcor a synchronous message for:" "http://localhost:8081"
ipt error: resource://gre/modules/LoginManagerParent.jsm, line 136: TypeError: gRecipeManager is null
console.warn: LoginRecipes: "getRecipes: falling back to a synchronous message for:" "http:/J/alvoacSaclhost:8081"
ript error: resource://gre/modules/LoginManagerParent.jsm, line 136: TypeError: gRecipeManager is null
console.warn: LoginRecipes: "getRecipes: falling back to a synchronous message for:" "http://localhost:8081"
JavaScript error: resource://gre/modules/LoginManagerParent.jsm, line 136: TypeError: gRecipeManager is null
console.warn: LoginRecipes: "getRecipes:J afvalling back atSocript e rror: resource://gre/modules/LoginManagerParent.jsm, line 136: TypeErrora:  gsynchronous messaRge for:e"cipeManage r"ht tips://loc null
alhost:8081"
console.warn: LoginRecipes: "getRecipes: falling back to a syJavaScript error: resournchronous message for:" "htctp://localhost:8081"
e://gre/modules/LoginManagerParent.jsm, line 136: TypeError: gRecipeManager is null
console.warn: LoginRecipeJavaScript error: resource://gre/modules/LoginManagerParent.js: "getRecipes: falling back to a synchronous message fosm, rl:in" "http://localhoe 136: TypeError: gRecipeManager is null
st:8081"
console.warn: LoginRecipes: "getRecipes: falling back to a synchronous message for:" "http://localhost:8081"
JavaScript error: resource://gre/modules/LoginManagerParent.jsm, line 136: TypeError: gRecipeManager is null
console.warn: LoginRecipes: "getRecipes: falling bacJkavaScript err or:t reo a synchronous message for:" "http://localhost:8081"
source://gre/modules/LoginManagerParent.jsm, line 136: TypeError: gRecipeManager is null
console.warn: LoginRecipes: "getRecipes: falliJnag back to a synchronous mevaScript error: resource://gre/modules/LoginManagerParent.jsm, line 136: TypeError: gsRseacgiep efMora:"n "http://loacalhost:8081"
ger is nullconsole.warn: LoginRecipes: "getRecipes: falling back to a synchronous message for:" "ht
JavaScript error: resource://gre/modules/LoginMatp://localhost:8081"
nagerParent.jsm, line 136: TypeError: gRecipeManager is null
console.warn: LoginRJavaScript error: resource:/e/cgirpes: "getRecipes: falling back to a synche/modules/LoginManageronous message for:" "http://localhost:8081"
rParent.jsm, line 136: TypeError: gRecipeManager is null
console.warn: LoginRecipes: "getRecipes: falling back to a synchronous meJssage for:" "http:/a/lvoacScript error: resource://gre/modules/LoginManagerParent.jsm, line 136: TypeError: gRecipeManager is null
alhost:8081"
console.warn: LoginRecipes: "getRecipes: falling back to a synchronous message for:" "http://localhost:8081"
JavaScript error: resource://gre/modules/LoginManagerParent.jsm, line 136: TypeEcronsole.warn: LoginRecipesr: "getRecipoes: falling back to a synchronous message for:" "http://localhost:8081"r
: gRecipeManager is null
JavaScript error: resource://gre/modules/LoginManagerParent.jsm, line 136: TypeError: gRecipeManager is null
console.warn: LoginRecipes:J "getRecipes: falling back avaScrtipt error: resource://gre/modules/LoginManagerParent.jsm, line 136o a synchronous message for:" "http://localhost:8081"
: TypeError: gRecipeManager is null
console.warn: LoginRecipes: "getRecipes: falling backJavaScrip t error: resource://gre/modules/LoginManagterParent.jsm, loine 136: TypeError: gRecipeManager is  null
a synchronous message for:" "http://localhost:8081"
console.warn: LoginRecipes: "getRecJavaSicrpipes: falling back t error: resource://gtre/modules/LoginManagerParent.jsm, lo a synchronous message for:" "http://ilnoec a136: TypeError: gRecipeManager is null
lhost:8081"
console.warn: LoginRecipes: "getReJavaSccriptipes: error: resource://gre/modules/LoginManagerP falling barent.jsm, liane ck to a synchronous message for:" "http://localhost:8081"
136: TypeError: gRecipeManager is null
console.warn: LoginRecipes: "getRecipeJsa: fvalling bacakS to a synchronous message for:" "http://localhost:8081"
cript error: resource://gre/modules/LoginManagerParent.jsm, line 136: TypeError: gRecipeManager is null
console.warn: LoginRecipes: "getRecipes: falling back to a synchronous message for:" "http://localhost:8081"
JavaScript error: resource://gre/modules/LoginManagerParent.jsm, line 136: TypeError: gRecipeManager is null
console.warn: LoginRecipes: "getRecipes: falling back to a synchronous message for:" "http://localhost:8081"
JavaScript error: resource://gre/modules/LoginManagerParent.jsm, line 136: TypeError: gRecipeManager is null
console.warn: LoginRecipes: "getRecipes: falliJavaScng back to a synchronous messragei fopt error:r resource://gre/modules/LoginManagerParent.jsm, line 136: TypeError: gRecipeManager is null
:" "http://localhost:8081"
console.warn: LoginRecipes: "getRecipes: falling back to a synchronous message for:" "http://localhost:8081JavaScript e"rror: resource://gre/modules/LoginManager
Parent.jsm, line 136: TypeError: gRecipeManager is null
console.warn: LoginRecipes: "getRecipes: falJavaScript error: resource://gre/modules/LoginManagerParent.jlisng mback to a synchronous me,s sage for:" l"ihttp://localnhost:8e 081136: TypeE"
rror: gRecipeManager is null
console.warn: LoginRecipes: "getRecipes: falling back to a synchronous message for:" "http://localhost:8081"
JavaScript error: resource://gre/modules/LoginManagerParent.jsm, line 136: TypeError: gRecipeManager is null
console.warn: LoginRecipes: "getRJecaivpeaScript error: rse:source://gre/modules/LoginManagerParent.jsm , line 136: TypeErrofr:a lgRecipeMalnager is null
ing back to a synchronous message for:" "http://localhost:8081"
console.warn: LoginRecipes: "getRecipes: falling back to a synchronous message for:" "http://localhost:8081"
JavaScript error: resource://gre/modules/LoginManagerParent.jsm, line 136: TypeError: gRecipeManager is null
console.warn: LoginRecipes: "getRecipes: falling back to a synchronous message for:" "httpJ:avaScript error: resource://gre/modules/LoginManagerParent.jsm/,/ lloicnael h1o3s6t:: 8T0y8p1e"
Error: gRecipeManager is null
console.warn: LoginRecipes: "getRecipes: falling back to a synchronous message for:" "http://localhost:8081"
JavaScript error: resource://gre/modules/LoginManagerParent.jsm, line 136: TypeError: gRecipeManager is null
console.warn: LoginRecipes: "getRecipes: falling back to a synchJroanvaScript error: resource:o//gre/modules/LoginManagerParent.jsm, line 136: TypeError: gRecipeuManager is null
s message for:" "http://localhost:8081"
console.warn: LoginJRavaScript error: reescoiuprecse:://gre/ modules/LoginManagerParent.jsm, l"getRecipeisne 136:: TypeEr rfoarll:ing  gRecipeManager is null
back to a synchronous message for:" "http://localhost:8081"
JavaScript error: resource://gre/modules/LoginManagerParent.jsm, line 136: TypeError: gRecipeManager is null
console.warn: LoginRecipes: "getRecipes: falling back to a synchronous message for:" "http://localhost:8081"
console.warn: LoginRecipes: "getRecipes: falling backJ atvoa Sac rsiypntc herroror: resource://gre/modules/LoginManagerParent.jsm, line 136: TypeError: gRnecious message for:" "http://localhost:8081"
peManager is null
console.warn: LoginRecipes: "getRecipes: falling back to a synchrJoavaScriptn erous message for:" "http://localhost:ror: resource://gre/modules/LoginManagerParent.jsm, line 136: Ty8p081"
eError: gRecipeManager is null
console.warn: LoginRecipes: "getRecipes: falling back to a synchronoJus messaagve for:"a "http://lScript error: resource://gre/modules/LoginMoacnaagerParent.jsm, line l1h36: TypeError: gRecipeManager is null
ost:8081"
console.warn: LoginRecipes: "getRecipes: falling back to a synchronous message for:"J "hatvaScript error: resource://gre/modules/LoginManagerParenttp.:jsm, lin//localhost:8081"
e 136: TypeError: gRecipeManager is null
console.warn: LoginRecipes: "getRecipes: falling back to a synchronous mesJsaage for:" "http://localhost:8v081"
aScript error: resource://gre/modules/LoginManagerParent.jsm, line 136: TypeError: gRecipeManager is null
console.warn: LoginRecipes: "getRecipesJ:a falling back to a synchronous mvaScript error: ressaege for:" "http://localhostsource://gre/modules:/LoginManagerParent.jsm, line 136: TypeError: gRecipeManager is null
8081"
console.warn: LoginRecipes: "getRecipes: falliJnavaScript error: resource://gre/modules/LoginManagerParent.jsm, line 136: TypeError: gRecipeMagn back toa ger is nulla
 synchronous message for:" "http://localhost:8081"
console.warn: LoginRecipes: "getRecipes: falling back to a synchronous meJavaSscript error: resource://gre/modules/LoginManagerParent.jsm, line 136: TypeError: gRecipeManager is null
sage for:" "http://localhost:8081"
console.warn: LoginRecipes: "getRecipes: falling back to a synchronous message for:" "http://localhost:8081"
JavaScript error: resource://gre/modules/LoginManagerParent.jsm, line 136: TypeError: gRecipeManager is null
console.warn: LoJavaScriptginRec eiperror: resource://grse/modules/LoginManagerParent.jsm, line 136: TypeError: gRecipeManager is null
: "getRecipes: falling back to a synchronous message for:" "http://localhost:8081"
console.warn: LoginRecipes: "getRecipes: falling back to a synchronous message for:" "http://loJcalhost:8081"
avaScript error: resource://gre/modules/LoginManagerParent.jsm, line 136: TypeError: gRecipeManager is null
console.warn: LoginRecipes: "getRecipes: falling back to a synchronous message for:" "http://locaJlhost:808avaScript error: resource://gre/modules/LoginManagerParent.jsm, line 136: TypeError: g1"
RecipeManager is null
console.warn: LoginRecipes: "getRecipes: falling back to a synchronous message for:" "http://localhost:8081"
JavaScript error: resource://gre/modules/LoginManagerParent.jsm, line 136: TypeError: gRecipeManager is null
console.warn: LoginRecipes: "getRecipes: falling back to a synchronous message for:J"avaScript error: resource://gr e/"hmodules/LoginManagerParent.jsm, line 136: TypeError: gRecipeManager is null
ttp://localhost:8081"
console.warn: LoginRecipes: "getRecipes: falliJavaScriptng bac error: rek stoou rac esynchronous message for:" "http://localhost:8081"
://gre/modules/LoginManagerParent.jsm, line 136: TypeError: gRecipeManager is null
console.warn: LoginRecipes: "getRecipes:J falling back to a synchronouavaScript error: resource://gre/modules/LoginManagerPsarent.jsm, line 136: Type Ermroer:s sagRecipeManager is null
ge for:" "http://localhost:8081"
console.warn: LoginRecipes: "getRecipes: falling back to a synchronous message for:" "http://localhost:8081"
JavaScript error: resource://gre/modules/LoginManagerParent.jsm, line 136: TypeError: gRecipeManager is null
console.warn: LoginRecipes: "getRecipes: falling back to a synchronous message for:" "http://localhost:8081"
JavaScript error: resource://gre/modules/LoginManagerParent.jsm, line 136: TypeError: gRecipeManager is null
console.warn: LoginRJavaScript error: resource://gre/modules/eLoginMcainpeasg: "getRecipes: falelrParent.jsm, line 136: TypeError: gRecipeManager is null
ing back to a synchronous message for:" "http://localhost:8081"
console.warn: LoginRecipes: "getRecipes: falling back to a synchronous message foJavar:Script error: res"o u"rce://gre/modhutles/LoginMantagerParent.p://localhost:8081"
jsm, line 136: TypeError: gRecipeManager is null
console.warn: LoginRecipes: "getRecipes: falling back to a synchronous message for:" "http://localhost:8081"
JavaScript error: resource://gre/modules/LoginManagerParent.jsm, line 136: TypeError: gRecipeManager is null
console.warn: LoginRecipes: "getRecipes: falling back to a synchronous message for:" "http://localhost:8081"
JavaScript error: resource://gre/modules/LoginManagerParent.jsm, line 136: TypeError: gRecipeManager is null
console.warn: LoginRecipJavaScript error: reseos: urce://gre/modules/Lo"getRecipes: falling back to a synchronous message for:"g "http://locianlhosMt:8081"
anagerParent.jsm, line 136: TypeError: gRecipeManager is null
console.warn: LoginJavaScript error: resource://gre/modules/LoginManagerPareRnt.jsemcipes: "g, eltine 136: TypeError: gRecipeManager is null
Recipes: falling back to a synchronous message for:" "http://localhost:8081"
console.warn: LoginRecipes: "getRecipes: falling back to a synchronous message for:" "http://localhost:8081"
JavaScript error: resource://gre/modules/LoginManagerParent.jsm, line 136: TypeError: gRecipeManager is null
console.warn: LoginRecipes: "getReJacvipes: falling back toa Script error: rae ssource://gre/modules/LoginManagerParent.jsm, line 136: TypeError: gRecipeManager is null
ynchronous message for:" "http://localhost:8081"
console.warn: JLavaScript error: resource://gre/modules/LoginManagerParent.jsm, line 136: TyopeEgrrinRoercipes: "getRecipes: : falling back to a synchronous message for:" "http://localhost:8081"
gRecipeManager is null
console.warn: LoginRecipes: "getRecipes: fallinJga back to a synchronousv amScressage for:" "http://localhost:80i81"
pt error: resource://gre/modules/LoginManagerParent.jsm, line 136: TypeError: gRecipeManager is null
console.warn: LoginRecipes: "getRecipes: falling back to a synchronous message for:" "http://localhost:8081"
JavaScript error: resource://gre/modules/LoginManagerParent.jsm, line 136: TypeError: gRecipeManager is null
console.warn: LoginRecipes: "getReJavaScript error: resource://gre/modulceipes: falling back to a synchronous message for:" "http://localhost:8081"
s/LoginManagerParent.jsm, line 136: TypeError: gRecipeManager is null
console.warn: LoginRecipes: "getRecipes: falling back to a synchronous message for:" "http://localhost:80J81"
avaScript error: resource://gre/modules/LoginManagerParent.jsm, line 136: TypeError: gRecipeManager is null
console.warn: LoginRecipes: "getRecipes: JavafScript error: resource://gre/moalling back to a synchronous medules/LoginManagerParentssage for:" "http://localhos.jsm, line 136: TypeError:t :8081"gRecipeManager is
 null
console.warn: LoginRecipes: "getRecipes: falling back to a synchronous message for:J" "http://localhost:8081"
avaScript error: resource://gre/modules/LoginManagerParent.jsm, line 136: TypeError: gRecipeManager is null
console.warn: LoginRecipes: "getRecipes: falliJavaScript error: resource://gre/modules/LoginMang back to a synchronous message for:" "http://localhost:8081"
nagerParent.jsm, line 136: TypeError: gRecipeManager is null
console.warn: LoginJavaScript error: resource://gre/modules/LoginManagRerParent.jsm, line 136: TypeError: gRecipeManager is nullec
ipes: "getRecipes: falling back to a synchronous message for:" "http://localhost:8081"
console.warn: LoginRecipes: "getRecipes: fallingJavaScrip t error: resource://gre/modules/LogbianManacgk to ear sPyarentnchronous message for:" "http://localhost:8081".jsm, line 136: TypeError: gRecipeManager is null

console.warn: LoginRecipes: "getRecipesJ:a vfaallinSg back to a synchroncoruisp tm eesrsraogre:  for:" re"shotutrcpe:://lo/calho/sgre/motd:u8l0es/8L1oginManagerParent.jsm, line 136: TypeError: gRecipeManager" i
s null
console.warn: LoginRecipes: "getRecipes: falling back to a synchronous message for:" "http://localhost:8081"
JavaScript error: resource://gre/modules/LoginManagerParent.jsm, line 136: TypeError: gRecipeManager is null
console.warn: LoginRecipes: "getRecipes: falling back to a synchronous message for:" "http://locaJlavaScripth oesrtr:o8r: resource://gre/modules/Logi0n8M1a"na
gerParent.jsm, line 136: TypeError: gRecipeManager is null
console.warn: LoginRecipes: "getJRecipes: fallianvga Sbcarcikp tt error: resource://gre/modules/LoginManagerParento. ja synchrsonous m, linmessage for:" "http://localhoset :183068:1 "Ty
peError: gRecipeManager is null
console.warn: LoginRecipes: "getRecipes: falling back to a synchronous message for:" "http://localhost:8081"
JavaScript error: resource://gre/modules/LoginManagerParent.jsm, line 136: TypeError: gRecipeManager is null
console.warn: LoginRecipes: "getRecipes: falJlavaScirnig back to a synchronous message for:" "http://localhospt:8081"
t error: resource://gre/modules/LoginManagerParent.jsm, line 136: TypeError: gRecipeManager is null
console.warn: LoginRecipes: "getRecipes: falling back to a synchronous message for:" "http://localhost:8081"
JavaScript error: resource://gre/modules/LoginManagerParent.jsm, line 136: TypeError: gRecipeManager is null
console.warn: LoginRecJavaScript error: resource://gre/modules/LoginManagerParent.jsm, line i136: TypeError: gRecipeManager is null
pes: "getRecipes: falling back to a synchronous message for:" "http://localhost:8081"
console.warn: LoginRecipes: "getRecipes: fallJing back toa a synchronous message for:" "http://localhost:8081"
vaScript error: resource://gre/modules/LoginManagerParent.jsm, line 136: TypeError: gRecipeManager is null
console.warn: LoginRecipes: "getRecipes: falling back to a synchronous message for:" "http://localhost:8081"
JavaScript error: resource://gre/modules/LoginManagerParent.jsm, line 136: TypeError: gRecipeManager is null
console.warn: LoginRecipes: "getRecipes: falling back to a synchronous message for:" "hJtatvpa:S/c/rliopcta lerror: reshource://gre/modules/LoginManagerParent.jsm, line 136: TypeError: gRecipeManageor is null
st:8081"
console.warn: LoginRecipes: "getRecipes: falling back to a synJacvahScript error: resource://greronous message for/:" "httpm:/o/localhost:8081"
dules/LoginManagerParent.jsm, line 136: TypeError: gRecipeManager is null
console.warn: LoginRecipes: "geJavaScript error: resource://gre/modules/LoginManagerParent.jsm, line 136: TypeError: gRecipeManager is null
tRecipes: falling back to a synchronous message for:" "http://localhost:8081"
console.warn: LoginRecipes: "getRecipes: falling back Jto a savaScripty ernchronous message for:" "http://lrocalhost:8081"
or: resource://gre/modules/LoginManagerParent.jsm, line 136: TypeError: gRecipeManager is null
console.warn: LoginRecipes: "getRecipeJavaScript errors: resource://gre/modules/LoginManagerPa: falling bacrk to ea nsynchronoust .mjesm, line ssage for:" "http://localhost:8081"
136: TypeError: gRecipeManager is null
console.warn: LoginRecipes: "getRecipeJavaScript error: ressource://gre/modules/LoginManagerParen: falling bt.jsm, line 136: TypeError: gRecipeManager is null
ack to a synchronous message for:" "http://localhost:8081"
consoJavalScript error: resource://gre/modules/LoginManagerPaerent.jsm,. wlinea 136r: TypeError: gRecipeManager is null
n: LoginRecipes: "getRecipes: falling back to a synchronous message for:" "http://localhost:8081"
console.warn: LoginRecipes: "getRecipes: falling bJaavaScript error:c resource://gre/modules/LoginManagerParenkt .tjos ma, synchronous message for:" "http://localhost:8081"
 line 136: TypeError: gRecipeManager is null
console.warn: LogJavaScript error: resource://gre/modules/LoginManagerParent.inRecipes: "getRecipes: faljsm, line 136l:i nTgy pbeaEcrkr oto a syr:nchronous message for:" "ht tgRpe:ci//localhost:8081"
peManager is null
console.warn: LoginRecipes: "getRecipes: falling backJ to a synchronous message for:" "http://localhost:8081"
avaScript error: resource://gre/modules/LoginManagerParent.jsm, line 136: TypeError: gRecipeManager is null
console.warn: LoginRecipes: "getRecipes: falling back to a synchronous messagJe for:" "http://localhost:8081"
avaScript error: resource://gre/modules/LoginManagerParent.jsm, line 136: TypeError: gRecipeManager is null
console.warn: LoginReJavaScicpes: "gertRecipes: falling back to a synchronous message for:" "http://localhost:8081"
ipt error: resource://gre/modules/LoginManagerParent.jsm, line 136: TypeError: gRecipeManager is null
